#This file was generated using SimGrid-3.13.0
#[ÐôÖ /home/ken/IdeaProjects/Sim2Sim/src/main/java/LHCb/platform.xml  --cfg=tracing:yes --cfg=tracing/filename:simulation.trace --cfg=tracing/platform:yes --cfg=msg/debug_multiple_use:on ]
%EventDef PajeDefineContainerType 0
%       Alias string
%       Type string
%       Name string
%EndEventDef
%EventDef PajeDefineVariableType 1
%       Alias string
%       Type string
%       Name string
%       Color color
%EndEventDef
%EventDef PajeDefineStateType 2
%       Alias string
%       Type string
%       Name string
%EndEventDef
%EventDef PajeDefineEventType 3
%       Alias string
%       Type string
%       Name string
%EndEventDef
%EventDef PajeDefineLinkType 4
%       Alias string
%       Type string
%       StartContainerType string
%       EndContainerType string
%       Name string
%EndEventDef
%EventDef PajeDefineEntityValue 5
%       Alias string
%       Type string
%       Name string
%       Color color
%EndEventDef
%EventDef PajeCreateContainer 6
%       Time date
%       Alias string
%       Type string
%       Container string
%       Name string
%EndEventDef
%EventDef PajeDestroyContainer 7
%       Time date
%       Type string
%       Name string
%EndEventDef
%EventDef PajeSetVariable 8
%       Time date
%       Type string
%       Container string
%       Value double
%EndEventDef
%EventDef PajeAddVariable 9
%       Time date
%       Type string
%       Container string
%       Value double
%EndEventDef
%EventDef PajeSubVariable 10
%       Time date
%       Type string
%       Container string
%       Value double
%EndEventDef
%EventDef PajeSetState 11
%       Time date
%       Type string
%       Container string
%       Value string
%EndEventDef
%EventDef PajePushState 12
%       Time date
%       Type string
%       Container string
%       Value string
%EndEventDef
%EventDef PajePopState 13
%       Time date
%       Type string
%       Container string
%EndEventDef
%EventDef PajeResetState 14
%       Time date
%       Type string
%       Container string
%EndEventDef
%EventDef PajeStartLink 15
%       Time date
%       Type string
%       Container string
%       Value string
%       StartContainer string
%       Key string
%EndEventDef
%EventDef PajeEndLink 16
%       Time date
%       Type string
%       Container string
%       Value string
%       EndContainer string
%       Key string
%EndEventDef
%EventDef PajeNewEvent 17
%       Time date
%       Type string
%       Container string
%       Value string
%EndEventDef
0 1 0 HOST
6 0 1 1 0 "Tier0"
1 2 1 power "1 1 1"
6 0 2 1 0 "Tier1_1"
6 0 3 1 0 "Tier1_2"
6 0 4 1 0 "Tier1_3"
6 0 5 1 0 "Tier1_4"
6 0 6 1 0 "Tier1_5"
6 0 7 1 0 "Tier1_6"
6 0 8 1 0 "Tier1_7"
0 3 0 LINK
6 0 9 3 0 "0_11"
1 4 3 bandwidth "1 1 1"
1 5 3 latency "1 1 1"
6 0 10 3 0 "0_12"
6 0 11 3 0 "0_13"
6 0 12 3 0 "0_14"
6 0 13 3 0 "0_15"
6 0 14 3 0 "0_16"
6 0 15 3 0 "0_17"
6 0 16 3 0 "11_12"
6 0 17 3 0 "11_13"
6 0 18 3 0 "11_14"
6 0 19 3 0 "11_15"
6 0 20 3 0 "11_16"
6 0 21 3 0 "11_17"
6 0 22 3 0 "12_13"
6 0 23 3 0 "12_14"
6 0 24 3 0 "12_15"
6 0 25 3 0 "12_16"
6 0 26 3 0 "12_17"
6 0 27 3 0 "13_14"
6 0 28 3 0 "13_15"
6 0 29 3 0 "13_16"
6 0 30 3 0 "13_17"
6 0 31 3 0 "14_15"
6 0 32 3 0 "14_16"
6 0 33 3 0 "14_17"
6 0 34 3 0 "15_16"
6 0 35 3 0 "15_17"
6 0 36 3 0 "16_17"
4 6 0 1 3 0-HOST1-LINK3
4 7 0 3 1 0-LINK3-HOST1
8 0 2 1 137333000.000000
8 0 2 2 100917000.000000
8 0 2 3 145095000.000000
8 0 2 4 156917000.000000
8 0 2 5 176296000.000000
8 0 2 6 186296000.000000
8 0 2 7 185667000.000000
8 0 2 8 185667000.000000
8 0 4 9 3.430125
8 0 5 9 0.004669
8 0 4 10 3.430125
8 0 5 10 0.004669
8 0 4 11 3.430125
8 0 5 11 0.004669
8 0 4 12 3.430125
8 0 5 12 0.004669
8 0 4 13 3.430125
8 0 5 13 0.004669
8 0 4 14 3.430125
8 0 5 14 0.004669
8 0 4 15 3.430125
8 0 5 15 0.004669
8 0 4 16 13.430125
8 0 5 16 0.004669
8 0 4 17 31.430125
8 0 5 17 0.004669
8 0 4 18 23.430125
8 0 5 18 0.004669
8 0 4 19 45.430125
8 0 5 19 0.004669
8 0 4 20 41.430125
8 0 5 20 0.004669
8 0 4 21 18.430125
8 0 5 21 0.004669
8 0 4 22 12.430125
8 0 5 22 0.004669
8 0 4 23 37.430125
8 0 5 23 0.004669
8 0 4 24 22.450000
8 0 5 24 0.004669
8 0 4 25 38.450000
8 0 5 25 0.004669
8 0 4 26 28.980000
8 0 5 26 0.004669
8 0 4 27 19.990000
8 0 5 27 0.004669
8 0 4 28 13.560000
8 0 5 28 0.004669
8 0 4 29 25.560000
8 0 5 29 0.004669
8 0 4 30 29.330000
8 0 5 30 0.004669
8 0 4 31 38.880000
8 0 5 31 0.004669
8 0 4 32 39.030000
8 0 5 32 0.004669
8 0 4 33 31.230000
8 0 5 33 0.004669
8 0 4 34 27.770000
8 0 5 34 0.004669
8 0 4 35 15.450000
8 0 5 35 0.004669
8 0 4 36 19.022000
8 0 5 36 0.004669
15 0 6 0 topology 1 0
16 0 6 0 topology 15 0
15 0 6 0 topology 2 1
16 0 6 0 topology 18 1
15 0 7 0 topology 22 2
16 0 7 0 topology 4 2
15 0 6 0 topology 3 3
16 0 6 0 topology 25 3
15 0 6 0 topology 4 4
16 0 6 0 topology 27 4
15 0 7 0 topology 27 5
16 0 7 0 topology 5 5
15 0 7 0 topology 20 6
16 0 7 0 topology 7 6
15 0 7 0 topology 31 7
16 0 7 0 topology 6 7
15 0 6 0 topology 5 8
16 0 6 0 topology 32 8
15 0 7 0 topology 26 9
16 0 7 0 topology 8 9
15 0 7 0 topology 9 10
16 0 7 0 topology 2 10
15 0 7 0 topology 34 11
16 0 7 0 topology 7 11
15 0 7 0 topology 10 12
16 0 7 0 topology 3 12
15 0 7 0 topology 36 13
16 0 7 0 topology 8 13
15 0 7 0 topology 11 14
16 0 7 0 topology 4 14
15 0 7 0 topology 12 15
16 0 7 0 topology 5 15
15 0 7 0 topology 13 16
16 0 7 0 topology 6 16
15 0 7 0 topology 14 17
16 0 7 0 topology 7 17
15 0 7 0 topology 15 18
16 0 7 0 topology 8 18
15 0 6 0 topology 1 19
16 0 6 0 topology 12 19
15 0 6 0 topology 2 20
16 0 6 0 topology 17 20
15 0 7 0 topology 17 21
16 0 7 0 topology 4 21
15 0 6 0 topology 2 22
16 0 6 0 topology 21 22
15 0 6 0 topology 3 23
16 0 6 0 topology 24 23
15 0 7 0 topology 23 24
16 0 7 0 topology 5 24
15 0 7 0 topology 28 25
16 0 7 0 topology 6 25
15 0 6 0 topology 4 26
16 0 6 0 topology 30 26
15 0 6 0 topology 5 27
16 0 6 0 topology 31 27
15 0 7 0 topology 21 28
16 0 7 0 topology 8 28
15 0 7 0 topology 32 29
16 0 7 0 topology 7 29
15 0 6 0 topology 6 30
16 0 6 0 topology 35 30
15 0 7 0 topology 35 31
16 0 7 0 topology 8 31
15 0 6 0 topology 1 32
16 0 6 0 topology 9 32
15 0 6 0 topology 1 33
16 0 6 0 topology 13 33
15 0 6 0 topology 2 34
16 0 6 0 topology 16 34
15 0 6 0 topology 2 35
16 0 6 0 topology 20 35
15 0 6 0 topology 3 36
16 0 6 0 topology 23 36
15 0 7 0 topology 18 37
16 0 7 0 topology 5 37
15 0 7 0 topology 24 38
16 0 7 0 topology 6 38
15 0 6 0 topology 4 39
16 0 6 0 topology 29 39
15 0 7 0 topology 29 40
16 0 7 0 topology 7 40
15 0 6 0 topology 6 41
16 0 6 0 topology 34 41
15 0 7 0 topology 33 42
16 0 7 0 topology 8 42
15 0 6 0 topology 1 43
16 0 6 0 topology 10 43
15 0 6 0 topology 1 44
16 0 6 0 topology 14 44
15 0 6 0 topology 2 45
16 0 6 0 topology 19 45
15 0 6 0 topology 3 46
16 0 6 0 topology 22 46
15 0 7 0 topology 19 47
16 0 7 0 topology 6 47
15 0 6 0 topology 3 48
16 0 6 0 topology 26 48
15 0 6 0 topology 4 49
16 0 6 0 topology 28 49
15 0 7 0 topology 25 50
16 0 7 0 topology 7 50
15 0 6 0 topology 5 51
16 0 6 0 topology 33 51
15 0 7 0 topology 30 52
16 0 7 0 topology 8 52
15 0 6 0 topology 7 53
16 0 6 0 topology 36 53
15 0 6 0 topology 1 54
16 0 6 0 topology 11 54
15 0 7 0 topology 16 55
16 0 7 0 topology 3 55
2 8 1 State
5 9 8 Working "1 0 0"
5 10 8 Waiting "0 0 1"
5 11 8 Uploading "1 1 0"
