#This file was generated using SimGrid-3.13.90
#[/home/ken/.CLion2016.2/system/cmake/generated/grid_simulation-4faf5bc8/4faf5bc8/Debug/CSim2Sim /home/ken/LHCb/grid_simulation/Platform/platform.xml /home/ken/LHCb/grid_simulation/Platform/deployment.xml --cfg=tracing:yes --cfg=tracing/platform:yes --cfg=tracing/filename:trace.trace --cfg=maxmin/concurrency_limit:100000 --cfg=storage/max_file_descriptors:22000 ]
%EventDef PajeDefineContainerType 0
%       Alias string
%       Type string
%       Name string
%EndEventDef
%EventDef PajeDefineVariableType 1
%       Alias string
%       Type string
%       Name string
%       Color color
%EndEventDef
%EventDef PajeDefineStateType 2
%       Alias string
%       Type string
%       Name string
%EndEventDef
%EventDef PajeDefineEventType 3
%       Alias string
%       Type string
%       Name string
%EndEventDef
%EventDef PajeDefineLinkType 4
%       Alias string
%       Type string
%       StartContainerType string
%       EndContainerType string
%       Name string
%EndEventDef
%EventDef PajeDefineEntityValue 5
%       Alias string
%       Type string
%       Name string
%       Color color
%EndEventDef
%EventDef PajeCreateContainer 6
%       Time date
%       Alias string
%       Type string
%       Container string
%       Name string
%EndEventDef
%EventDef PajeDestroyContainer 7
%       Time date
%       Type string
%       Name string
%EndEventDef
%EventDef PajeSetVariable 8
%       Time date
%       Type string
%       Container string
%       Value double
%EndEventDef
%EventDef PajeAddVariable 9
%       Time date
%       Type string
%       Container string
%       Value double
%EndEventDef
%EventDef PajeSubVariable 10
%       Time date
%       Type string
%       Container string
%       Value double
%EndEventDef
%EventDef PajeSetState 11
%       Time date
%       Type string
%       Container string
%       Value string
%EndEventDef
%EventDef PajePushState 12
%       Time date
%       Type string
%       Container string
%       Value string
%EndEventDef
%EventDef PajePopState 13
%       Time date
%       Type string
%       Container string
%EndEventDef
%EventDef PajeResetState 14
%       Time date
%       Type string
%       Container string
%EndEventDef
%EventDef PajeStartLink 15
%       Time date
%       Type string
%       Container string
%       Value string
%       StartContainer string
%       Key string
%EndEventDef
%EventDef PajeEndLink 16
%       Time date
%       Type string
%       Container string
%       Value string
%       EndContainer string
%       Key string
%EndEventDef
%EventDef PajeNewEvent 17
%       Time date
%       Type string
%       Container string
%       Value string
%EndEventDef
0 1 0 HOST
6 0 1 1 0 "CERN"
1 2 1 power "1 1 1"
6 0 2 1 0 "CNAF"
6 0 3 1 0 "GRIDKA"
6 0 4 1 0 "IN2P3"
6 0 5 1 0 "PIC"
6 0 6 1 0 "RAL"
6 0 7 1 0 "SARA"
6 0 8 1 0 "RRCKI"
6 0 9 1 0 "T2_1"
6 0 10 1 0 "T2_2"
6 0 11 1 0 "T2_3"
6 0 12 1 0 "T2_4"
6 0 13 1 0 "T2_5"
6 0 14 1 0 "T2_6"
6 0 15 1 0 "T2_7"
6 0 16 1 0 "T2_8"
6 0 17 1 0 "T2_9"
6 0 18 1 0 "T2_10"
6 0 19 1 0 "T2_11"
6 0 20 1 0 "T2_12"
6 0 21 1 0 "T2_13"
6 0 22 1 0 "T2_14"
6 0 23 1 0 "T2_15"
6 0 24 1 0 "T2_16"
0 3 0 LINK
6 0 25 3 0 "loopback"
1 4 3 bandwidth "1 1 1"
1 5 3 latency "1 1 1"
6 0 26 3 0 "CERN-CNAF-LHCOPN-001"
6 0 27 3 0 "CERN-GRIDKA-LHCOPN-001"
6 0 28 3 0 "CERN-IN2P3-LHCOPN-001"
6 0 29 3 0 "CERN-PIC-LHCOPN-001"
6 0 30 3 0 "CERN-RAL-LHCOPN-001"
6 0 31 3 0 "CERN-SARA-LHCOPN-001"
6 0 32 3 0 "CERN-RRCK1-LHCOPN-001"
6 0 33 3 0 "CNAF-GRIDKA-LHCOPN-001"
6 0 34 3 0 "GRIDKA-IN2P3-LHCOPN-001"
6 0 35 3 0 "GRIDKA-SARA-LHCOPN-001"
6 0 36 3 0 "CERN_1_T2"
6 0 37 3 0 "CERN_2_T2"
6 0 38 3 0 "CERN_3_T2"
6 0 39 3 0 "CERN_4_T2"
6 0 40 3 0 "CERN_5_T2"
6 0 41 3 0 "CERN_6_T2"
6 0 42 3 0 "CERN_7_T2"
6 0 43 3 0 "CERN_8_T2"
6 0 44 3 0 "CERN_9_T2"
6 0 45 3 0 "CERN_10_T2"
6 0 46 3 0 "CERN_11_T2"
6 0 47 3 0 "CERN_12_T2"
6 0 48 3 0 "CERN_13_T2"
6 0 49 3 0 "CERN_14_T2"
6 0 50 3 0 "CERN_15_T2"
6 0 51 3 0 "CERN_16_T2"
6 0 52 3 0 "CNAF_1_T2"
6 0 53 3 0 "GRIDKA_1_T2"
6 0 54 3 0 "IN2P3_1_T2"
6 0 55 3 0 "PIC_1_T2"
6 0 56 3 0 "RAL_1_T2"
6 0 57 3 0 "SARA_1_T2"
6 0 58 3 0 "RRCKI_1_T2"
6 0 59 3 0 "CNAF_2_T2"
6 0 60 3 0 "GRIDKA_2_T2"
6 0 61 3 0 "IN2P3_2_T2"
6 0 62 3 0 "PIC_2_T2"
6 0 63 3 0 "RAL_2_T2"
6 0 64 3 0 "SARA_2_T2"
6 0 65 3 0 "RRCKI_2_T2"
6 0 66 3 0 "CNAF_3_T2"
6 0 67 3 0 "GRIDKA_3_T2"
6 0 68 3 0 "IN2P3_3_T2"
6 0 69 3 0 "PIC_3_T2"
6 0 70 3 0 "RAL_3_T2"
6 0 71 3 0 "SARA_3_T2"
6 0 72 3 0 "RRCKI_3_T2"
6 0 73 3 0 "CNAF_4_T2"
6 0 74 3 0 "GRIDKA_4_T2"
6 0 75 3 0 "IN2P3_4_T2"
6 0 76 3 0 "PIC_4_T2"
6 0 77 3 0 "RAL_4_T2"
6 0 78 3 0 "SARA_4_T2"
6 0 79 3 0 "RRCKI_4_T2"
6 0 80 3 0 "CNAF_5_T2"
6 0 81 3 0 "GRIDKA_5_T2"
6 0 82 3 0 "IN2P3_5_T2"
6 0 83 3 0 "PIC_5_T2"
6 0 84 3 0 "RAL_5_T2"
6 0 85 3 0 "SARA_5_T2"
6 0 86 3 0 "RRCKI_5_T2"
6 0 87 3 0 "CNAF_6_T2"
6 0 88 3 0 "GRIDKA_6_T2"
6 0 89 3 0 "IN2P3_6_T2"
6 0 90 3 0 "PIC_6_T2"
6 0 91 3 0 "RAL_6_T2"
6 0 92 3 0 "SARA_6_T2"
6 0 93 3 0 "RRCKI_6_T2"
6 0 94 3 0 "CNAF_7_T2"
6 0 95 3 0 "GRIDKA_7_T2"
6 0 96 3 0 "IN2P3_7_T2"
6 0 97 3 0 "PIC_7_T2"
6 0 98 3 0 "RAL_7_T2"
6 0 99 3 0 "SARA_7_T2"
6 0 100 3 0 "RRCKI_7_T2"
6 0 101 3 0 "CNAF_8_T2"
6 0 102 3 0 "GRIDKA_8_T2"
6 0 103 3 0 "IN2P3_8_T2"
6 0 104 3 0 "PIC_8_T2"
6 0 105 3 0 "RAL_8_T2"
6 0 106 3 0 "SARA_8_T2"
6 0 107 3 0 "RRCKI_8_T2"
6 0 108 3 0 "CNAF_9_T2"
6 0 109 3 0 "GRIDKA_9_T2"
6 0 110 3 0 "IN2P3_9_T2"
6 0 111 3 0 "PIC_9_T2"
6 0 112 3 0 "RAL_9_T2"
6 0 113 3 0 "SARA_9_T2"
6 0 114 3 0 "RRCKI_9_T2"
6 0 115 3 0 "CNAF_10_T2"
6 0 116 3 0 "GRIDKA_10_T2"
6 0 117 3 0 "IN2P3_10_T2"
6 0 118 3 0 "PIC_10_T2"
6 0 119 3 0 "RAL_10_T2"
6 0 120 3 0 "SARA_10_T2"
6 0 121 3 0 "RRCKI_10_T2"
6 0 122 3 0 "CNAF_11_T2"
6 0 123 3 0 "GRIDKA_11_T2"
6 0 124 3 0 "IN2P3_11_T2"
6 0 125 3 0 "PIC_11_T2"
6 0 126 3 0 "RAL_11_T2"
6 0 127 3 0 "SARA_11_T2"
6 0 128 3 0 "RRCKI_11_T2"
6 0 129 3 0 "CNAF_12_T2"
6 0 130 3 0 "GRIDKA_12_T2"
6 0 131 3 0 "IN2P3_12_T2"
6 0 132 3 0 "PIC_12_T2"
6 0 133 3 0 "RAL_12_T2"
6 0 134 3 0 "SARA_12_T2"
6 0 135 3 0 "RRCKI_12_T2"
6 0 136 3 0 "CNAF_13_T2"
6 0 137 3 0 "GRIDKA_13_T2"
6 0 138 3 0 "IN2P3_13_T2"
6 0 139 3 0 "PIC_13_T2"
6 0 140 3 0 "RAL_13_T2"
6 0 141 3 0 "SARA_13_T2"
6 0 142 3 0 "RRCKI_13_T2"
6 0 143 3 0 "CNAF_14_T2"
6 0 144 3 0 "GRIDKA_14_T2"
6 0 145 3 0 "IN2P3_14_T2"
6 0 146 3 0 "PIC_14_T2"
6 0 147 3 0 "RAL_14_T2"
6 0 148 3 0 "SARA_14_T2"
6 0 149 3 0 "RRCKI_14_T2"
6 0 150 3 0 "CNAF_15_T2"
6 0 151 3 0 "GRIDKA_15_T2"
6 0 152 3 0 "IN2P3_15_T2"
6 0 153 3 0 "PIC_15_T2"
6 0 154 3 0 "RAL_15_T2"
6 0 155 3 0 "SARA_15_T2"
6 0 156 3 0 "RRCKI_15_T2"
6 0 157 3 0 "CNAF_16_T2"
6 0 158 3 0 "GRIDKA_16_T2"
6 0 159 3 0 "IN2P3_16_T2"
6 0 160 3 0 "PIC_16_T2"
6 0 161 3 0 "RAL_16_T2"
6 0 162 3 0 "SARA_16_T2"
6 0 163 3 0 "RRCKI_16_T2"
4 6 0 1 3 0-HOST1-LINK3
4 7 0 3 1 0-LINK3-HOST1
4 8 0 1 1 0-HOST1-HOST1
4 9 0 3 3 0-LINK3-LINK3
8 0 2 1 1000000000.000000
8 0 2 2 1000000000.000000
8 0 2 3 1000000000.000000
8 0 2 4 1000000000.000000
8 0 2 5 1000000000.000000
8 0 2 6 1000000000.000000
8 0 2 7 1000000000.000000
8 0 2 8 1000000000.000000
8 0 2 9 1000000000.000000
8 0 2 10 1000000000.000000
8 0 2 11 1000000000.000000
8 0 2 12 1000000000.000000
8 0 2 13 1000000000.000000
8 0 2 14 1000000000.000000
8 0 2 15 1000000000.000000
8 0 2 16 1000000000.000000
8 0 2 17 1000000000.000000
8 0 2 18 1000000000.000000
8 0 2 19 1000000000.000000
8 0 2 20 1000000000.000000
8 0 2 21 1000000000.000000
8 0 2 22 1000000000.000000
8 0 2 23 1000000000.000000
8 0 2 24 1000000000.000000
8 0 4 25 498000000.000000
8 0 5 25 0.000000
8 0 4 26 10000000000.000000
8 0 5 26 0.000000
8 0 4 27 10000000000.000000
8 0 5 27 0.000000
8 0 4 28 10000000000.000000
8 0 5 28 0.000000
8 0 4 29 10000000000.000000
8 0 5 29 0.000000
8 0 4 30 10000000000.000000
8 0 5 30 0.000000
8 0 4 31 10000000000.000000
8 0 5 31 0.000000
8 0 4 32 2000000000.000000
8 0 5 32 0.000000
8 0 4 33 10000000000.000000
8 0 5 33 0.000000
8 0 4 34 10000000000.000000
8 0 5 34 0.000000
8 0 4 35 10000000000.000000
8 0 5 35 0.000000
8 0 4 36 10000000.000000
8 0 5 36 0.000000
8 0 4 37 10000000.000000
8 0 5 37 0.000000
8 0 4 38 10000000.000000
8 0 5 38 0.000000
8 0 4 39 10000000.000000
8 0 5 39 0.000000
8 0 4 40 10000000.000000
8 0 5 40 0.000000
8 0 4 41 10000000.000000
8 0 5 41 0.000000
8 0 4 42 10000000.000000
8 0 5 42 0.000000
8 0 4 43 10000000.000000
8 0 5 43 0.000000
8 0 4 44 10000000.000000
8 0 5 44 0.000000
8 0 4 45 10000000.000000
8 0 5 45 0.000000
8 0 4 46 10000000.000000
8 0 5 46 0.000000
8 0 4 47 10000000.000000
8 0 5 47 0.000000
8 0 4 48 10000000.000000
8 0 5 48 0.000000
8 0 4 49 10000000.000000
8 0 5 49 0.000000
8 0 4 50 10000000.000000
8 0 5 50 0.000000
8 0 4 51 10000000.000000
8 0 5 51 0.000000
8 0 4 52 10000000.000000
8 0 5 52 0.000000
8 0 4 53 10000000.000000
8 0 5 53 0.000000
8 0 4 54 10000000.000000
8 0 5 54 0.000000
8 0 4 55 10000000.000000
8 0 5 55 0.000000
8 0 4 56 10000000.000000
8 0 5 56 0.000000
8 0 4 57 10000000.000000
8 0 5 57 0.000000
8 0 4 58 10000000.000000
8 0 5 58 0.000000
8 0 4 59 10000000.000000
8 0 5 59 0.000000
8 0 4 60 10000000.000000
8 0 5 60 0.000000
8 0 4 61 10000000.000000
8 0 5 61 0.000000
8 0 4 62 10000000.000000
8 0 5 62 0.000000
8 0 4 63 10000000.000000
8 0 5 63 0.000000
8 0 4 64 10000000.000000
8 0 5 64 0.000000
8 0 4 65 10000000.000000
8 0 5 65 0.000000
8 0 4 66 10000000.000000
8 0 5 66 0.000000
8 0 4 67 10000000.000000
8 0 5 67 0.000000
8 0 4 68 10000000.000000
8 0 5 68 0.000000
8 0 4 69 10000000.000000
8 0 5 69 0.000000
8 0 4 70 10000000.000000
8 0 5 70 0.000000
8 0 4 71 10000000.000000
8 0 5 71 0.000000
8 0 4 72 10000000.000000
8 0 5 72 0.000000
8 0 4 73 10000000.000000
8 0 5 73 0.000000
8 0 4 74 10000000.000000
8 0 5 74 0.000000
8 0 4 75 10000000.000000
8 0 5 75 0.000000
8 0 4 76 10000000.000000
8 0 5 76 0.000000
8 0 4 77 10000000.000000
8 0 5 77 0.000000
8 0 4 78 10000000.000000
8 0 5 78 0.000000
8 0 4 79 10000000.000000
8 0 5 79 0.000000
8 0 4 80 10000000.000000
8 0 5 80 0.000000
8 0 4 81 10000000.000000
8 0 5 81 0.000000
8 0 4 82 10000000.000000
8 0 5 82 0.000000
8 0 4 83 10000000.000000
8 0 5 83 0.000000
8 0 4 84 10000000.000000
8 0 5 84 0.000000
8 0 4 85 10000000.000000
8 0 5 85 0.000000
8 0 4 86 10000000.000000
8 0 5 86 0.000000
8 0 4 87 10000000.000000
8 0 5 87 0.000000
8 0 4 88 10000000.000000
8 0 5 88 0.000000
8 0 4 89 10000000.000000
8 0 5 89 0.000000
8 0 4 90 10000000.000000
8 0 5 90 0.000000
8 0 4 91 10000000.000000
8 0 5 91 0.000000
8 0 4 92 10000000.000000
8 0 5 92 0.000000
8 0 4 93 10000000.000000
8 0 5 93 0.000000
8 0 4 94 10000000.000000
8 0 5 94 0.000000
8 0 4 95 10000000.000000
8 0 5 95 0.000000
8 0 4 96 10000000.000000
8 0 5 96 0.000000
8 0 4 97 10000000.000000
8 0 5 97 0.000000
8 0 4 98 10000000.000000
8 0 5 98 0.000000
8 0 4 99 10000000.000000
8 0 5 99 0.000000
8 0 4 100 10000000.000000
8 0 5 100 0.000000
8 0 4 101 10000000.000000
8 0 5 101 0.000000
8 0 4 102 10000000.000000
8 0 5 102 0.000000
8 0 4 103 10000000.000000
8 0 5 103 0.000000
8 0 4 104 10000000.000000
8 0 5 104 0.000000
8 0 4 105 10000000.000000
8 0 5 105 0.000000
8 0 4 106 10000000.000000
8 0 5 106 0.000000
8 0 4 107 10000000.000000
8 0 5 107 0.000000
8 0 4 108 10000000.000000
8 0 5 108 0.000000
8 0 4 109 10000000.000000
8 0 5 109 0.000000
8 0 4 110 10000000.000000
8 0 5 110 0.000000
8 0 4 111 10000000.000000
8 0 5 111 0.000000
8 0 4 112 10000000.000000
8 0 5 112 0.000000
8 0 4 113 10000000.000000
8 0 5 113 0.000000
8 0 4 114 10000000.000000
8 0 5 114 0.000000
8 0 4 115 10000000.000000
8 0 5 115 0.000000
8 0 4 116 10000000.000000
8 0 5 116 0.000000
8 0 4 117 10000000.000000
8 0 5 117 0.000000
8 0 4 118 10000000.000000
8 0 5 118 0.000000
8 0 4 119 10000000.000000
8 0 5 119 0.000000
8 0 4 120 10000000.000000
8 0 5 120 0.000000
8 0 4 121 10000000.000000
8 0 5 121 0.000000
8 0 4 122 10000000.000000
8 0 5 122 0.000000
8 0 4 123 10000000.000000
8 0 5 123 0.000000
8 0 4 124 10000000.000000
8 0 5 124 0.000000
8 0 4 125 10000000.000000
8 0 5 125 0.000000
8 0 4 126 10000000.000000
8 0 5 126 0.000000
8 0 4 127 10000000.000000
8 0 5 127 0.000000
8 0 4 128 10000000.000000
8 0 5 128 0.000000
8 0 4 129 10000000.000000
8 0 5 129 0.000000
8 0 4 130 10000000.000000
8 0 5 130 0.000000
8 0 4 131 10000000.000000
8 0 5 131 0.000000
8 0 4 132 10000000.000000
8 0 5 132 0.000000
8 0 4 133 10000000.000000
8 0 5 133 0.000000
8 0 4 134 10000000.000000
8 0 5 134 0.000000
8 0 4 135 10000000.000000
8 0 5 135 0.000000
8 0 4 136 10000000.000000
8 0 5 136 0.000000
8 0 4 137 10000000.000000
8 0 5 137 0.000000
8 0 4 138 10000000.000000
8 0 5 138 0.000000
8 0 4 139 10000000.000000
8 0 5 139 0.000000
8 0 4 140 10000000.000000
8 0 5 140 0.000000
8 0 4 141 10000000.000000
8 0 5 141 0.000000
8 0 4 142 10000000.000000
8 0 5 142 0.000000
8 0 4 143 10000000.000000
8 0 5 143 0.000000
8 0 4 144 10000000.000000
8 0 5 144 0.000000
8 0 4 145 10000000.000000
8 0 5 145 0.000000
8 0 4 146 10000000.000000
8 0 5 146 0.000000
8 0 4 147 10000000.000000
8 0 5 147 0.000000
8 0 4 148 10000000.000000
8 0 5 148 0.000000
8 0 4 149 10000000.000000
8 0 5 149 0.000000
8 0 4 150 10000000.000000
8 0 5 150 0.000000
8 0 4 151 10000000.000000
8 0 5 151 0.000000
8 0 4 152 10000000.000000
8 0 5 152 0.000000
8 0 4 153 10000000.000000
8 0 5 153 0.000000
8 0 4 154 10000000.000000
8 0 5 154 0.000000
8 0 4 155 10000000.000000
8 0 5 155 0.000000
8 0 4 156 10000000.000000
8 0 5 156 0.000000
8 0 4 157 10000000.000000
8 0 5 157 0.000000
8 0 4 158 10000000.000000
8 0 5 158 0.000000
8 0 4 159 10000000.000000
8 0 5 159 0.000000
8 0 4 160 10000000.000000
8 0 5 160 0.000000
8 0 4 161 10000000.000000
8 0 5 161 0.000000
8 0 4 162 10000000.000000
8 0 5 162 0.000000
8 0 4 163 10000000.000000
8 0 5 163 0.000000
15 0 6 0 topology 2 0
16 0 6 0 topology 157 0
15 0 7 0 topology 131 1
16 0 7 0 topology 20 1
15 0 8 0 topology 16 2
16 0 8 0 topology 17 2
15 0 9 0 topology 27 3
16 0 9 0 topology 32 3
15 0 8 0 topology 9 4
16 0 8 0 topology 19 4
15 0 6 0 topology 3 5
16 0 6 0 topology 88 5
15 0 8 0 topology 10 6
16 0 8 0 topology 19 6
15 0 7 0 topology 60 7
16 0 7 0 topology 10 7
15 0 8 0 topology 9 8
16 0 8 0 topology 21 8
15 0 8 0 topology 11 9
16 0 8 0 topology 19 9
15 0 8 0 topology 10 10
16 0 8 0 topology 21 10
15 0 8 0 topology 12 11
16 0 8 0 topology 19 11
15 0 7 0 topology 89 12
16 0 7 0 topology 14 12
15 0 8 0 topology 9 13
16 0 8 0 topology 23 13
15 0 8 0 topology 11 14
16 0 8 0 topology 21 14
15 0 8 0 topology 13 15
16 0 8 0 topology 19 15
15 0 7 0 topology 32 16
16 0 7 0 topology 8 16
15 0 8 0 topology 10 17
16 0 8 0 topology 23 17
15 0 8 0 topology 12 18
16 0 8 0 topology 21 18
15 0 8 0 topology 14 19
16 0 8 0 topology 19 19
15 0 9 0 topology 26 20
16 0 9 0 topology 32 20
15 0 7 0 topology 159 21
16 0 7 0 topology 24 21
15 0 6 0 topology 6 22
16 0 6 0 topology 119 22
15 0 8 0 topology 11 23
16 0 8 0 topology 23 23
15 0 8 0 topology 13 24
16 0 8 0 topology 21 24
15 0 8 0 topology 15 25
16 0 8 0 topology 19 25
15 0 8 0 topology 12 26
16 0 8 0 topology 23 26
15 0 8 0 topology 14 27
16 0 8 0 topology 21 27
15 0 8 0 topology 16 28
16 0 8 0 topology 19 28
15 0 7 0 topology 122 29
16 0 7 0 topology 19 29
15 0 8 0 topology 13 30
16 0 8 0 topology 23 30
15 0 8 0 topology 15 31
16 0 8 0 topology 21 31
15 0 8 0 topology 17 32
16 0 8 0 topology 19 32
15 0 7 0 topology 34 33
16 0 7 0 topology 4 33
15 0 7 0 topology 58 34
16 0 7 0 topology 9 34
15 0 8 0 topology 14 35
16 0 8 0 topology 23 35
15 0 8 0 topology 16 36
16 0 8 0 topology 21 36
15 0 6 0 topology 3 37
16 0 6 0 topology 35 37
15 0 7 0 topology 88 38
16 0 7 0 topology 14 38
15 0 7 0 topology 151 39
16 0 7 0 topology 23 39
15 0 6 0 topology 6 40
16 0 6 0 topology 147 40
15 0 8 0 topology 15 41
16 0 8 0 topology 23 41
15 0 8 0 topology 17 42
16 0 8 0 topology 21 42
15 0 6 0 topology 7 43
16 0 6 0 topology 92 43
15 0 8 0 topology 16 44
16 0 8 0 topology 23 44
15 0 8 0 topology 17 45
16 0 8 0 topology 23 45
15 0 7 0 topology 135 46
16 0 7 0 topology 20 46
15 0 6 0 topology 1 47
16 0 6 0 topology 42 47
15 0 6 0 topology 2 48
16 0 6 0 topology 101 48
15 0 6 0 topology 3 49
16 0 6 0 topology 151 49
15 0 6 0 topology 5 50
16 0 6 0 topology 62 50
15 0 8 0 topology 18 51
16 0 8 0 topology 20 51
15 0 7 0 topology 83 52
16 0 7 0 topology 13 52
15 0 8 0 topology 19 53
16 0 8 0 topology 20 53
15 0 7 0 topology 77 54
16 0 7 0 topology 12 54
15 0 6 0 topology 5 55
16 0 6 0 topology 90 55
15 0 7 0 topology 163 56
16 0 7 0 topology 24 56
15 0 9 0 topology 28 57
16 0 9 0 topology 30 57
15 0 6 0 topology 6 58
16 0 6 0 topology 63 58
15 0 7 0 topology 64 59
16 0 7 0 topology 10 59
15 0 6 0 topology 7 60
16 0 6 0 topology 134 60
15 0 7 0 topology 114 61
16 0 7 0 topology 17 61
15 0 6 0 topology 6 62
16 0 6 0 topology 91 62
15 0 7 0 topology 78 63
16 0 7 0 topology 12 63
15 0 6 0 topology 1 64
16 0 6 0 topology 49 64
15 0 6 0 topology 2 65
16 0 6 0 topology 150 65
15 0 7 0 topology 148 66
16 0 7 0 topology 22 66
15 0 7 0 topology 68 67
16 0 7 0 topology 11 67
15 0 9 0 topology 26 68
16 0 9 0 topology 29 68
15 0 7 0 topology 92 69
16 0 7 0 topology 14 69
15 0 7 0 topology 51 70
16 0 7 0 topology 24 70
15 0 6 0 topology 3 71
16 0 6 0 topology 95 71
15 0 6 0 topology 5 72
16 0 6 0 topology 132 72
15 0 7 0 topology 106 73
16 0 7 0 topology 16 73
15 0 6 0 topology 5 74
16 0 6 0 topology 160 74
15 0 6 0 topology 1 75
16 0 6 0 topology 26 75
15 0 7 0 topology 144 76
16 0 7 0 topology 22 76
15 0 7 0 topology 118 77
16 0 7 0 topology 18 77
15 0 6 0 topology 7 78
16 0 6 0 topology 85 78
15 0 7 0 topology 27 79
16 0 7 0 topology 3 79
15 0 6 0 topology 1 80
16 0 6 0 topology 41 80
15 0 9 0 topology 30 81
16 0 9 0 topology 32 81
15 0 6 0 topology 2 82
16 0 6 0 topology 94 82
15 0 7 0 topology 132 83
16 0 7 0 topology 20 83
15 0 6 0 topology 4 84
16 0 6 0 topology 54 84
15 0 6 0 topology 4 85
16 0 6 0 topology 61 85
15 0 7 0 topology 157 86
16 0 7 0 topology 24 86
15 0 6 0 topology 3 87
16 0 6 0 topology 158 87
15 0 6 0 topology 4 88
16 0 6 0 topology 68 88
15 0 7 0 topology 146 89
16 0 7 0 topology 22 89
15 0 6 0 topology 4 90
16 0 6 0 topology 75 90
15 0 7 0 topology 93 91
16 0 7 0 topology 14 91
15 0 6 0 topology 4 92
16 0 6 0 topology 82 92
15 0 7 0 topology 31 93
16 0 7 0 topology 7 93
15 0 6 0 topology 4 94
16 0 6 0 topology 89 94
15 0 6 0 topology 1 95
16 0 6 0 topology 31 95
15 0 7 0 topology 36 96
16 0 7 0 topology 9 96
15 0 6 0 topology 4 97
16 0 6 0 topology 96 97
15 0 7 0 topology 160 98
16 0 7 0 topology 24 98
15 0 7 0 topology 26 99
16 0 7 0 topology 2 99
15 0 6 0 topology 4 100
16 0 6 0 topology 103 100
15 0 6 0 topology 7 101
16 0 6 0 topology 127 101
15 0 7 0 topology 127 102
16 0 7 0 topology 19 102
15 0 6 0 topology 4 103
16 0 6 0 topology 110 103
15 0 7 0 topology 104 104
16 0 7 0 topology 16 104
15 0 7 0 topology 98 105
16 0 7 0 topology 15 105
15 0 7 0 topology 38 106
16 0 7 0 topology 11 106
15 0 6 0 topology 1 107
16 0 6 0 topology 48 107
15 0 7 0 topology 33 108
16 0 7 0 topology 3 108
15 0 7 0 topology 48 109
16 0 7 0 topology 21 109
15 0 6 0 topology 2 110
16 0 6 0 topology 143 110
15 0 9 0 topology 27 111
16 0 9 0 topology 30 111
15 0 7 0 topology 124 112
16 0 7 0 topology 19 112
15 0 7 0 topology 40 113
16 0 7 0 topology 13 113
15 0 7 0 topology 35 114
16 0 7 0 topology 7 114
15 0 7 0 topology 53 115
16 0 7 0 topology 9 115
15 0 7 0 topology 42 116
16 0 7 0 topology 15 116
15 0 9 0 topology 26 117
16 0 9 0 topology 30 117
15 0 6 0 topology 3 118
16 0 6 0 topology 102 118
15 0 7 0 topology 152 119
16 0 7 0 topology 23 119
15 0 7 0 topology 44 120
16 0 7 0 topology 17 120
15 0 7 0 topology 52 121
16 0 7 0 topology 9 121
15 0 7 0 topology 137 122
16 0 7 0 topology 21 122
15 0 9 0 topology 29 123
16 0 9 0 topology 30 123
15 0 7 0 topology 81 124
16 0 7 0 topology 13 124
15 0 7 0 topology 103 125
16 0 7 0 topology 16 125
15 0 6 0 topology 6 126
16 0 6 0 topology 140 126
15 0 6 0 topology 7 127
16 0 6 0 topology 78 127
15 0 7 0 topology 66 128
16 0 7 0 topology 11 128
15 0 7 0 topology 128 129
16 0 7 0 topology 19 129
15 0 6 0 topology 1 130
16 0 6 0 topology 40 130
15 0 7 0 topology 136 131
16 0 7 0 topology 21 131
15 0 6 0 topology 2 132
16 0 6 0 topology 87 132
15 0 7 0 topology 72 133
16 0 7 0 topology 11 133
15 0 7 0 topology 80 134
16 0 7 0 topology 13 134
15 0 7 0 topology 69 135
16 0 7 0 topology 11 135
15 0 7 0 topology 63 136
16 0 7 0 topology 10 136
15 0 7 0 topology 109 137
16 0 7 0 topology 17 137
15 0 6 0 topology 5 138
16 0 6 0 topology 55 138
15 0 7 0 topology 94 139
16 0 7 0 topology 15 139
15 0 7 0 topology 156 140
16 0 7 0 topology 23 140
15 0 8 0 topology 18 141
16 0 8 0 topology 22 141
15 0 6 0 topology 5 142
16 0 6 0 topology 83 142
15 0 8 0 topology 19 143
16 0 8 0 topology 22 143
15 0 8 0 topology 20 144
16 0 8 0 topology 22 144
15 0 7 0 topology 45 145
16 0 7 0 topology 18 145
15 0 7 0 topology 108 146
16 0 7 0 topology 17 146
15 0 6 0 topology 6 147
16 0 6 0 topology 56 147
15 0 6 0 topology 7 148
16 0 6 0 topology 120 148
15 0 8 0 topology 21 149
16 0 8 0 topology 22 149
15 0 6 0 topology 5 150
16 0 6 0 topology 111 150
15 0 9 0 topology 27 151
16 0 9 0 topology 29 151
15 0 6 0 topology 1 152
16 0 6 0 topology 47 152
15 0 9 0 topology 28 153
16 0 9 0 topology 32 153
15 0 6 0 topology 6 154
16 0 6 0 topology 84 154
15 0 6 0 topology 2 155
16 0 6 0 topology 136 155
15 0 6 0 topology 3 156
16 0 6 0 topology 53 156
15 0 6 0 topology 6 157
16 0 6 0 topology 112 157
15 0 6 0 topology 1 158
16 0 6 0 topology 27 158
15 0 6 0 topology 5 159
16 0 6 0 topology 125 159
15 0 7 0 topology 162 160
16 0 7 0 topology 24 160
15 0 7 0 topology 82 161
16 0 7 0 topology 13 161
15 0 6 0 topology 3 162
16 0 6 0 topology 109 162
15 0 7 0 topology 130 163
16 0 7 0 topology 20 163
15 0 6 0 topology 5 164
16 0 6 0 topology 153 164
15 0 7 0 topology 115 165
16 0 7 0 topology 18 165
15 0 6 0 topology 7 166
16 0 6 0 topology 71 166
15 0 6 0 topology 1 167
16 0 6 0 topology 39 167
15 0 6 0 topology 2 168
16 0 6 0 topology 80 168
15 0 6 0 topology 3 169
16 0 6 0 topology 116 169
15 0 7 0 topology 126 170
16 0 7 0 topology 19 170
15 0 8 0 topology 9 171
16 0 8 0 topology 10 171
15 0 8 0 topology 18 172
16 0 8 0 topology 19 172
15 0 9 0 topology 30 173
16 0 9 0 topology 31 173
15 0 6 0 topology 1 174
16 0 6 0 topology 32 174
15 0 8 0 topology 9 175
16 0 8 0 topology 12 175
15 0 7 0 topology 140 176
16 0 7 0 topology 21 176
15 0 8 0 topology 10 177
16 0 8 0 topology 12 177
15 0 7 0 topology 90 178
16 0 7 0 topology 14 178
15 0 8 0 topology 9 179
16 0 8 0 topology 14 179
15 0 8 0 topology 11 180
16 0 8 0 topology 12 180
15 0 7 0 topology 84 181
16 0 7 0 topology 13 181
15 0 8 0 topology 10 182
16 0 8 0 topology 14 182
15 0 8 0 topology 9 183
16 0 8 0 topology 16 183
15 0 8 0 topology 11 184
16 0 8 0 topology 14 184
15 0 7 0 topology 154 185
16 0 7 0 topology 23 185
15 0 7 0 topology 107 186
16 0 7 0 topology 16 186
15 0 8 0 topology 10 187
16 0 8 0 topology 16 187
15 0 8 0 topology 12 188
16 0 8 0 topology 14 188
15 0 8 0 topology 11 189
16 0 8 0 topology 16 189
15 0 8 0 topology 13 190
16 0 8 0 topology 14 190
15 0 6 0 topology 1 191
16 0 6 0 topology 46 191
15 0 8 0 topology 12 192
16 0 8 0 topology 16 192
15 0 6 0 topology 2 193
16 0 6 0 topology 129 193
15 0 7 0 topology 117 194
16 0 7 0 topology 18 194
15 0 8 0 topology 13 195
16 0 8 0 topology 16 195
15 0 7 0 topology 141 196
16 0 7 0 topology 21 196
15 0 8 0 topology 14 197
16 0 8 0 topology 16 197
15 0 7 0 topology 61 198
16 0 7 0 topology 10 198
15 0 8 0 topology 15 199
16 0 8 0 topology 16 199
15 0 6 0 topology 3 200
16 0 6 0 topology 60 200
15 0 7 0 topology 28 201
16 0 7 0 topology 4 201
15 0 8 0 topology 9 202
16 0 8 0 topology 18 202
15 0 6 0 topology 4 203
16 0 6 0 topology 117 203
15 0 7 0 topology 50 204
16 0 7 0 topology 23 204
15 0 8 0 topology 10 205
16 0 8 0 topology 18 205
15 0 6 0 topology 4 206
16 0 6 0 topology 124 206
15 0 6 0 topology 2 207
16 0 6 0 topology 33 207
15 0 8 0 topology 9 208
16 0 8 0 topology 20 208
15 0 8 0 topology 11 209
16 0 8 0 topology 18 209
15 0 7 0 topology 145 210
16 0 7 0 topology 22 210
15 0 6 0 topology 4 211
16 0 6 0 topology 131 211
15 0 7 0 topology 123 212
16 0 7 0 topology 19 212
15 0 8 0 topology 10 213
16 0 8 0 topology 20 213
15 0 8 0 topology 12 214
16 0 8 0 topology 18 214
15 0 6 0 topology 4 215
16 0 6 0 topology 138 215
15 0 9 0 topology 33 216
16 0 9 0 topology 34 216
15 0 8 0 topology 9 217
16 0 8 0 topology 22 217
15 0 8 0 topology 11 218
16 0 8 0 topology 20 218
15 0 8 0 topology 13 219
16 0 8 0 topology 18 219
15 0 6 0 topology 4 220
16 0 6 0 topology 145 220
15 0 8 0 topology 10 221
16 0 8 0 topology 22 221
15 0 8 0 topology 12 222
16 0 8 0 topology 20 222
15 0 8 0 topology 14 223
16 0 8 0 topology 18 223
15 0 6 0 topology 4 224
16 0 6 0 topology 152 224
15 0 8 0 topology 9 225
16 0 8 0 topology 24 225
15 0 8 0 topology 11 226
16 0 8 0 topology 22 226
15 0 8 0 topology 13 227
16 0 8 0 topology 20 227
15 0 8 0 topology 15 228
16 0 8 0 topology 18 228
15 0 6 0 topology 4 229
16 0 6 0 topology 159 229
15 0 7 0 topology 74 230
16 0 7 0 topology 12 230
15 0 8 0 topology 10 231
16 0 8 0 topology 24 231
15 0 8 0 topology 12 232
16 0 8 0 topology 22 232
15 0 8 0 topology 14 233
16 0 8 0 topology 20 233
15 0 8 0 topology 16 234
16 0 8 0 topology 18 234
15 0 6 0 topology 7 235
16 0 6 0 topology 64 235
15 0 8 0 topology 11 236
16 0 8 0 topology 24 236
15 0 8 0 topology 13 237
16 0 8 0 topology 22 237
15 0 8 0 topology 15 238
16 0 8 0 topology 20 238
15 0 8 0 topology 17 239
16 0 8 0 topology 18 239
15 0 6 0 topology 6 240
16 0 6 0 topology 133 240
15 0 8 0 topology 12 241
16 0 8 0 topology 24 241
15 0 8 0 topology 14 242
16 0 8 0 topology 22 242
15 0 8 0 topology 16 243
16 0 8 0 topology 20 243
15 0 7 0 topology 121 244
16 0 7 0 topology 18 244
15 0 8 0 topology 13 245
16 0 8 0 topology 24 245
15 0 8 0 topology 15 246
16 0 8 0 topology 22 246
15 0 8 0 topology 17 247
16 0 8 0 topology 20 247
15 0 7 0 topology 55 248
16 0 7 0 topology 9 248
15 0 9 0 topology 29 249
16 0 9 0 topology 32 249
15 0 6 0 topology 1 250
16 0 6 0 topology 38 250
15 0 8 0 topology 14 251
16 0 8 0 topology 24 251
15 0 8 0 topology 16 252
16 0 8 0 topology 22 252
15 0 6 0 topology 2 253
16 0 6 0 topology 73 253
15 0 6 0 topology 1 254
16 0 6 0 topology 29 254
15 0 8 0 topology 15 255
16 0 8 0 topology 24 255
15 0 8 0 topology 17 256
16 0 8 0 topology 22 256
15 0 6 0 topology 6 257
16 0 6 0 topology 161 257
15 0 8 0 topology 16 258
16 0 8 0 topology 24 258
15 0 6 0 topology 3 259
16 0 6 0 topology 123 259
15 0 8 0 topology 17 260
16 0 8 0 topology 24 260
15 0 7 0 topology 102 261
16 0 7 0 topology 16 261
15 0 6 0 topology 8 262
16 0 6 0 topology 58 262
15 0 6 0 topology 8 263
16 0 6 0 topology 65 263
15 0 7 0 topology 150 264
16 0 7 0 topology 23 264
15 0 6 0 topology 8 265
16 0 6 0 topology 72 265
15 0 6 0 topology 8 266
16 0 6 0 topology 79 266
15 0 7 0 topology 86 267
16 0 7 0 topology 13 267
15 0 7 0 topology 149 268
16 0 7 0 topology 22 268
15 0 6 0 topology 8 269
16 0 6 0 topology 86 269
15 0 6 0 topology 5 270
16 0 6 0 topology 76 270
15 0 9 0 topology 28 271
16 0 9 0 topology 29 271
15 0 6 0 topology 8 272
16 0 6 0 topology 93 272
15 0 6 0 topology 8 273
16 0 6 0 topology 100 273
15 0 9 0 topology 31 274
16 0 9 0 topology 32 274
15 0 7 0 topology 57 275
16 0 7 0 topology 9 275
15 0 7 0 topology 120 276
16 0 7 0 topology 18 276
15 0 6 0 topology 8 277
16 0 6 0 topology 107 277
15 0 8 0 topology 18 278
16 0 8 0 topology 24 278
15 0 6 0 topology 8 279
16 0 6 0 topology 114 279
15 0 8 0 topology 19 280
16 0 8 0 topology 24 280
15 0 6 0 topology 5 281
16 0 6 0 topology 104 281
15 0 8 0 topology 20 282
16 0 8 0 topology 24 282
15 0 6 0 topology 1 283
16 0 6 0 topology 45 283
15 0 8 0 topology 21 284
16 0 8 0 topology 24 284
15 0 6 0 topology 6 285
16 0 6 0 topology 77 285
15 0 6 0 topology 2 286
16 0 6 0 topology 122 286
15 0 7 0 topology 71 287
16 0 7 0 topology 11 287
15 0 8 0 topology 22 288
16 0 8 0 topology 24 288
15 0 7 0 topology 111 289
16 0 7 0 topology 17 289
15 0 7 0 topology 47 290
16 0 7 0 topology 20 290
15 0 8 0 topology 23 291
16 0 8 0 topology 24 291
15 0 6 0 topology 1 292
16 0 6 0 topology 28 292
15 0 7 0 topology 105 293
16 0 7 0 topology 16 293
15 0 6 0 topology 7 294
16 0 6 0 topology 162 294
15 0 6 0 topology 6 295
16 0 6 0 topology 105 295
15 0 7 0 topology 85 296
16 0 7 0 topology 13 296
15 0 6 0 topology 3 297
16 0 6 0 topology 67 297
15 0 9 0 topology 33 298
16 0 9 0 topology 35 298
15 0 7 0 topology 29 299
16 0 7 0 topology 5 299
15 0 6 0 topology 5 300
16 0 6 0 topology 118 300
15 0 7 0 topology 116 301
16 0 7 0 topology 18 301
15 0 7 0 topology 99 302
16 0 7 0 topology 15 302
15 0 6 0 topology 5 303
16 0 6 0 topology 146 303
15 0 7 0 topology 113 304
16 0 7 0 topology 17 304
15 0 7 0 topology 96 305
16 0 7 0 topology 15 305
15 0 6 0 topology 7 306
16 0 6 0 topology 57 306
15 0 6 0 topology 1 307
16 0 6 0 topology 37 307
15 0 7 0 topology 129 308
16 0 7 0 topology 20 308
15 0 6 0 topology 2 309
16 0 6 0 topology 66 309
15 0 7 0 topology 65 310
16 0 7 0 topology 10 310
15 0 7 0 topology 125 311
16 0 7 0 topology 19 311
15 0 6 0 topology 3 312
16 0 6 0 topology 130 312
15 0 6 0 topology 1 313
16 0 6 0 topology 30 313
15 0 6 0 topology 7 314
16 0 6 0 topology 113 314
15 0 7 0 topology 139 315
16 0 7 0 topology 21 315
15 0 7 0 topology 76 316
16 0 7 0 topology 12 316
15 0 7 0 topology 70 317
16 0 7 0 topology 11 317
15 0 8 0 topology 18 318
16 0 8 0 topology 21 318
15 0 8 0 topology 19 319
16 0 8 0 topology 21 319
15 0 7 0 topology 153 320
16 0 7 0 topology 23 320
15 0 8 0 topology 20 321
16 0 8 0 topology 21 321
15 0 6 0 topology 2 322
16 0 6 0 topology 115 322
15 0 7 0 topology 37 323
16 0 7 0 topology 10 323
15 0 6 0 topology 7 324
16 0 6 0 topology 155 324
15 0 7 0 topology 39 325
16 0 7 0 topology 12 325
15 0 6 0 topology 8 326
16 0 6 0 topology 121 326
15 0 6 0 topology 3 327
16 0 6 0 topology 74 327
15 0 7 0 topology 155 328
16 0 7 0 topology 23 328
15 0 6 0 topology 8 329
16 0 6 0 topology 128 329
15 0 7 0 topology 138 330
16 0 7 0 topology 21 330
15 0 7 0 topology 75 331
16 0 7 0 topology 12 331
15 0 7 0 topology 41 332
16 0 7 0 topology 14 332
15 0 6 0 topology 8 333
16 0 6 0 topology 135 333
15 0 6 0 topology 8 334
16 0 6 0 topology 142 334
15 0 6 0 topology 8 335
16 0 6 0 topology 149 335
15 0 6 0 topology 8 336
16 0 6 0 topology 156 336
15 0 7 0 topology 67 337
16 0 7 0 topology 11 337
15 0 7 0 topology 43 338
16 0 7 0 topology 16 338
15 0 6 0 topology 8 339
16 0 6 0 topology 163 339
15 0 6 0 topology 6 340
16 0 6 0 topology 126 340
15 0 7 0 topology 59 341
16 0 7 0 topology 10 341
15 0 6 0 topology 1 342
16 0 6 0 topology 36 342
15 0 6 0 topology 2 343
16 0 6 0 topology 59 343
15 0 6 0 topology 6 344
16 0 6 0 topology 154 344
15 0 7 0 topology 95 345
16 0 7 0 topology 15 345
15 0 7 0 topology 73 346
16 0 7 0 topology 12 346
15 0 6 0 topology 7 347
16 0 6 0 topology 106 347
15 0 9 0 topology 29 348
16 0 9 0 topology 31 348
15 0 6 0 topology 3 349
16 0 6 0 topology 137 349
15 0 7 0 topology 142 350
16 0 7 0 topology 21 350
15 0 7 0 topology 87 351
16 0 7 0 topology 14 351
15 0 6 0 topology 1 352
16 0 6 0 topology 44 352
15 0 6 0 topology 5 353
16 0 6 0 topology 69 353
15 0 7 0 topology 101 354
16 0 7 0 topology 16 354
15 0 7 0 topology 100 355
16 0 7 0 topology 15 355
15 0 7 0 topology 97 356
16 0 7 0 topology 15 356
15 0 6 0 topology 5 357
16 0 6 0 topology 97 357
15 0 7 0 topology 91 358
16 0 7 0 topology 14 358
15 0 6 0 topology 6 359
16 0 6 0 topology 70 359
15 0 7 0 topology 134 360
16 0 7 0 topology 20 360
15 0 7 0 topology 54 361
16 0 7 0 topology 9 361
15 0 6 0 topology 7 362
16 0 6 0 topology 148 362
15 0 6 0 topology 6 363
16 0 6 0 topology 98 363
15 0 6 0 topology 1 364
16 0 6 0 topology 51 364
15 0 7 0 topology 49 365
16 0 7 0 topology 22 365
15 0 6 0 topology 3 366
16 0 6 0 topology 81 366
15 0 6 0 topology 5 367
16 0 6 0 topology 139 367
15 0 7 0 topology 30 368
16 0 7 0 topology 6 368
15 0 6 0 topology 2 369
16 0 6 0 topology 52 369
15 0 7 0 topology 110 370
16 0 7 0 topology 17 370
15 0 7 0 topology 62 371
16 0 7 0 topology 10 371
15 0 7 0 topology 158 372
16 0 7 0 topology 24 372
15 0 6 0 topology 7 373
16 0 6 0 topology 99 373
15 0 7 0 topology 56 374
16 0 7 0 topology 9 374
15 0 7 0 topology 119 375
16 0 7 0 topology 18 375
15 0 7 0 topology 143 376
16 0 7 0 topology 22 376
15 0 6 0 topology 3 377
16 0 6 0 topology 34 377
15 0 6 0 topology 1 378
16 0 6 0 topology 43 378
15 0 7 0 topology 79 379
16 0 7 0 topology 12 379
15 0 6 0 topology 3 380
16 0 6 0 topology 144 380
15 0 6 0 topology 2 381
16 0 6 0 topology 108 381
15 0 7 0 topology 133 382
16 0 7 0 topology 20 382
15 0 8 0 topology 9 383
16 0 8 0 topology 11 383
15 0 9 0 topology 34 384
16 0 9 0 topology 35 384
15 0 8 0 topology 10 385
16 0 8 0 topology 11 385
15 0 8 0 topology 9 386
16 0 8 0 topology 13 386
15 0 8 0 topology 10 387
16 0 8 0 topology 13 387
15 0 8 0 topology 18 388
16 0 8 0 topology 23 388
15 0 7 0 topology 147 389
16 0 7 0 topology 22 389
15 0 8 0 topology 9 390
16 0 8 0 topology 15 390
15 0 8 0 topology 11 391
16 0 8 0 topology 13 391
15 0 8 0 topology 19 392
16 0 8 0 topology 23 392
15 0 8 0 topology 10 393
16 0 8 0 topology 15 393
15 0 8 0 topology 12 394
16 0 8 0 topology 13 394
15 0 8 0 topology 20 395
16 0 8 0 topology 23 395
15 0 8 0 topology 9 396
16 0 8 0 topology 17 396
15 0 8 0 topology 11 397
16 0 8 0 topology 15 397
15 0 8 0 topology 21 398
16 0 8 0 topology 23 398
15 0 7 0 topology 46 399
16 0 7 0 topology 19 399
15 0 8 0 topology 10 400
16 0 8 0 topology 17 400
15 0 8 0 topology 12 401
16 0 8 0 topology 15 401
15 0 8 0 topology 22 402
16 0 8 0 topology 23 402
15 0 7 0 topology 161 403
16 0 7 0 topology 24 403
15 0 6 0 topology 7 404
16 0 6 0 topology 141 404
15 0 8 0 topology 11 405
16 0 8 0 topology 17 405
15 0 8 0 topology 13 406
16 0 8 0 topology 15 406
15 0 8 0 topology 12 407
16 0 8 0 topology 17 407
15 0 8 0 topology 14 408
16 0 8 0 topology 15 408
15 0 8 0 topology 13 409
16 0 8 0 topology 17 409
15 0 8 0 topology 14 410
16 0 8 0 topology 17 410
15 0 6 0 topology 1 411
16 0 6 0 topology 50 411
15 0 7 0 topology 112 412
16 0 7 0 topology 17 412
15 0 8 0 topology 15 413
16 0 8 0 topology 17 413
1 10 3 UserAmount "1 1 1"
8 0 10 25 0.000000
8 0 10 26 0.000000
8 0 10 28 0.000000
8 0 10 32 0.000000
8 0 10 29 0.000000
8 0 10 30 0.000000
8 0 10 27 0.000000
8 0 10 31 0.000000
8 0 10 33 0.000000
8 0 10 34 0.000000
8 0 10 26 0.000000
8 0 10 32 0.000000
8 0 10 26 0.000000
8 0 10 29 0.000000
8 0 10 26 0.000000
8 0 10 30 0.000000
8 0 10 33 0.000000
8 0 10 33 0.000000
8 0 10 35 0.000000
8 0 10 28 0.000000
8 0 10 32 0.000000
8 0 10 28 0.000000
8 0 10 29 0.000000
8 0 10 28 0.000000
8 0 10 30 0.000000
8 0 10 34 0.000000
8 0 10 34 0.000000
8 0 10 35 0.000000
8 0 10 32 0.000000
8 0 10 29 0.000000
8 0 10 32 0.000000
8 0 10 30 0.000000
8 0 10 32 0.000000
8 0 10 27 0.000000
8 0 10 32 0.000000
8 0 10 31 0.000000
8 0 10 29 0.000000
8 0 10 30 0.000000
8 0 10 29 0.000000
8 0 10 27 0.000000
8 0 10 29 0.000000
8 0 10 31 0.000000
8 0 10 30 0.000000
8 0 10 27 0.000000
8 0 10 30 0.000000
8 0 10 31 0.000000
8 0 10 35 0.000000
9 0 10 25 1.000000
9 0 10 26 1.000000
9 0 10 27 1.000000
9 0 10 28 1.000000
9 0 10 29 1.000000
9 0 10 30 1.000000
9 0 10 31 1.000000
9 0 10 32 1.000000
9 0.000207 10 25 1.000000
10 0.000207 10 25 1.000000
